<?xml version="1.0" encoding="UTF-8"?>
<!-- Generated by org.testng.reporters.JUnitReportReporter -->
<testsuite hostname="MacBookPro-2.local" name="AppiumTest" tests="3" failures="0" timestamp="27 Apr 2016 05:12:47 GMT" time="267.427" errors="0">
  <testcase name="test" time="91.979" classname="AppiumTest"/>
  <testcase name="test" time="88.416" classname="AppiumTest"/>
  <testcase name="test" time="87.032" classname="AppiumTest"/>
</testsuite> <!-- AppiumTest -->
